<?xml version="1.0" encoding="UTF-8"?>
<!-- Generated by org.testng.reporters.JUnitXMLReporter -->
<testsuite hostname="2012-20150403HL" name="case15-手机CAOS登录 -退出登录" tests="3" failures="0" timestamp="18 Sep 2015 03:58:44 GMT" time="103.361" errors="0">
  <testcase name="assertRegButton" time="1.501" classname="com.allinmd.android.CAOSLoginPhoneCase"/>
  <testcase name="loginPhone" time="69.785" classname="com.allinmd.android.CAOSLoginPhoneCase"/>
  <testcase name="logoutEmail" time="7.953" classname="com.allinmd.android.CAOSLoginPhoneCase"/>
</testsuite> <!-- case15-手机CAOS登录 -退出登录 -->
