<?xml version="1.0" encoding="UTF-8"?>
<!-- Generated by org.testng.reporters.JUnitXMLReporter -->
<testsuite hostname="2012-20150403HL" name="case04-手机注册-医师认证" tests="3" failures="0" timestamp="18 Sep 2015 02:24:18 GMT" time="169.246" errors="0">
  <testcase name="assertRegButton" time="7.458" classname="com.allinmd.android.RegAuthPhoneCase"/>
  <testcase name="regPhone" time="63.21" classname="com.allinmd.android.RegAuthPhoneCase"/>
  <testcase name="regAuthEmail" time="73.932" classname="com.allinmd.android.RegAuthPhoneCase"/>
</testsuite> <!-- case04-手机注册-医师认证 -->
