<?xml version="1.0" encoding="UTF-8"?>
<!-- Generated by org.testng.reporters.JUnitXMLReporter -->
<testsuite hostname="2012-20150403HL" name="case31-添加/取消关注-查看关注/粉丝列表" tests="4" failures="0" timestamp="18 Sep 2015 05:46:07 GMT" time="112.653" errors="0">
  <testcase name="allinLogin" time="78.347" classname="com.allinmd.android.AttentionFansCase"/>
  <testcase name="attention" time="5.898" classname="com.allinmd.android.AttentionFansCase"/>
  <testcase name="checkAttention" time="0.087" classname="com.allinmd.android.AttentionFansCase"/>
  <testcase name="checkFans" time="3.742" classname="com.allinmd.android.AttentionFansCase"/>
</testsuite> <!-- case31-添加/取消关注-查看关注/粉丝列表 -->
