<?xml version="1.0" encoding="UTF-8"?>
<!-- Generated by org.testng.reporters.JUnitXMLReporter -->
<testsuite hostname="2012-20150403HL" name="case05-邮箱登录-退出登录" tests="3" failures="0" timestamp="18 Sep 2015 02:26:03 GMT" time="104.59" errors="0">
  <testcase name="assertRegButton" time="7.719" classname="com.allinmd.android.LoginEmailCase"/>
  <testcase name="loginEmail" time="64.834" classname="com.allinmd.android.LoginEmailCase"/>
  <testcase name="logoutEmail" time="7.639" classname="com.allinmd.android.LoginEmailCase"/>
</testsuite> <!-- case05-邮箱登录-退出登录 -->
