<?xml version="1.0" encoding="UTF-8"?>
<!-- Generated by org.testng.reporters.JUnitXMLReporter -->
<testsuite hostname="2012-20150403HL" name="case27-视频-收藏/取消收藏/个人中心查看收藏" tests="4" failures="0" timestamp="18 Sep 2015 05:36:57 GMT" time="137.133" errors="0">
  <testcase name="allinLogin" time="89.139" classname="com.allinmd.android.CollectCheckVideoCase"/>
  <testcase name="collectVideo" time="6.64" classname="com.allinmd.android.CollectCheckVideoCase"/>
  <testcase name="checkCollectVideo" time="12.396" classname="com.allinmd.android.CollectCheckVideoCase"/>
  <testcase name="cancelCollectVideo" time="4.415" classname="com.allinmd.android.CollectCheckVideoCase"/>
</testsuite> <!-- case27-视频-收藏/取消收藏/个人中心查看收藏 -->
