<?xml version="1.0" encoding="UTF-8"?>
<!-- Generated by org.testng.reporters.JUnitXMLReporter -->
<testsuite hostname="2012-20150403HL" name="case16-病例列表-排序并筛选" tests="5" failures="0" timestamp="18 Sep 2015 05:19:17 GMT" time="195.153" errors="0">
  <testcase name="allinLogin" time="72.297" classname="com.allinmd.android.SortCaseListCase"/>
  <testcase name="caseByViewSort" time="7.989" classname="com.allinmd.android.SortCaseListCase"/>
  <testcase name="caseByReviewSort" time="5.953" classname="com.allinmd.android.SortCaseListCase"/>
  <testcase name="caseByMajorSort" time="25.366" classname="com.allinmd.android.SortCaseListCase"/>
  <testcase name="caseByTagSort" time="58.044" classname="com.allinmd.android.SortCaseListCase"/>
</testsuite> <!-- case16-病例列表-排序并筛选 -->
