<?xml version="1.0" encoding="UTF-8"?>
<!-- Generated by org.testng.reporters.JUnitXMLReporter -->
<testsuite hostname="2012-20150403HL" name="case21-标签列表-切换资源并排序" tests="8" failures="0" timestamp="18 Sep 2015 05:32:38 GMT" time="148.155" errors="0">
  <testcase name="allinLogin" time="77.375" classname="com.allinmd.android.SortSubscribeListCase"/>
  <testcase name="rssList" time="3.304" classname="com.allinmd.android.SortSubscribeListCase"/>
  <testcase name="caseByViewSort" time="8.186" classname="com.allinmd.android.SortSubscribeListCase"/>
  <testcase name="caseByReviewSort" time="5.872" classname="com.allinmd.android.SortSubscribeListCase"/>
  <testcase name="topicByViewSort" time="8.29" classname="com.allinmd.android.SortSubscribeListCase"/>
  <testcase name="topicByReviewSort" time="5.91" classname="com.allinmd.android.SortSubscribeListCase"/>
  <testcase name="videoByViewSort" time="8.49" classname="com.allinmd.android.SortSubscribeListCase"/>
  <testcase name="videoByReviewSort" time="6.174" classname="com.allinmd.android.SortSubscribeListCase"/>
</testsuite> <!-- case21-标签列表-切换资源并排序 -->
