<?xml version="1.0" encoding="UTF-8"?>
<!-- Generated by org.testng.reporters.JUnitXMLReporter -->
<testsuite hostname="2012-20150403HL" name="case03-邮箱注册-医师认证" tests="3" failures="0" timestamp="18 Sep 2015 02:21:29 GMT" time="158.273" errors="0">
  <testcase name="assertRegButton" time="6.722" classname="com.allinmd.android.RegAuthEmailCase"/>
  <testcase name="regEmail" time="52.455" classname="com.allinmd.android.RegAuthEmailCase"/>
  <testcase name="regAuthEmail" time="74.417" classname="com.allinmd.android.RegAuthEmailCase"/>
</testsuite> <!-- case03-邮箱注册-医师认证 -->
