<?xml version="1.0" encoding="UTF-8"?>
<!-- Generated by org.testng.reporters.JUnitXMLReporter -->
<testsuite hostname="2012-20150403HL" name="case26-病例-收藏/取消收藏/个人中心查看收藏" tests="4" failures="0" timestamp="18 Sep 2015 05:34:40 GMT" time="122.168" errors="0">
  <testcase name="allinLogin" time="76.431" classname="com.allinmd.android.CollectCheckCaseCase"/>
  <testcase name="collectCase" time="3.748" classname="com.allinmd.android.CollectCheckCaseCase"/>
  <testcase name="checkCollectCase" time="12.76" classname="com.allinmd.android.CollectCheckCaseCase"/>
  <testcase name="cancelCollectCase" time="4.095" classname="com.allinmd.android.CollectCheckCaseCase"/>
</testsuite> <!-- case26-病例-收藏/取消收藏/个人中心查看收藏 -->
