<?xml version="1.0" encoding="UTF-8"?>
<!-- Generated by org.testng.reporters.JUnitXMLReporter -->
<testsuite hostname="2012-20150403HL" name="case07-未登录-病例终端页权限判断" tests="2" failures="0" timestamp="18 Sep 2015 03:18:11 GMT" time="119.347" errors="0">
  <testcase name="notLoginCaseAccess" time="18.484" classname="com.allinmd.android.NotLoginCaseAccessCase"/>
  <testcase name="loginAllmd" time="76.161" classname="com.allinmd.android.NotLoginCaseAccessCase"/>
</testsuite> <!-- case07-未登录-病例终端页权限判断 -->
