<?xml version="1.0" encoding="UTF-8"?>
<!-- Generated by org.testng.reporters.JUnitXMLReporter -->
<testsuite hostname="2012-20150403HL" name="case30-查看他人个人中心各类资源(发布的病例/话题/回复/收藏等等)" tests="7" failures="0" timestamp="18 Sep 2015 05:44:14 GMT" time="180.353" errors="0">
  <testcase name="allinLogin" time="79.117" classname="com.allinmd.android.CheckDoctorResourceCase"/>
  <testcase name="checkReleaseCase" time="20.964" classname="com.allinmd.android.CheckDoctorResourceCase"/>
  <testcase name="checkReleaseTopic" time="2.813" classname="com.allinmd.android.CheckDoctorResourceCase"/>
  <testcase name="checkReleaseVideo" time="18.243" classname="com.allinmd.android.CheckDoctorResourceCase"/>
  <testcase name="checkComment" time="20.357" classname="com.allinmd.android.CheckDoctorResourceCase"/>
  <testcase name="checkCollect" time="9.868" classname="com.allinmd.android.CheckDoctorResourceCase"/>
  <testcase name="checkBrowsing" time="3.897" classname="com.allinmd.android.CheckDoctorResourceCase"/>
</testsuite> <!-- case30-查看他人个人中心各类资源(发布的病例/话题/回复/收藏等等) -->
