<?xml version="1.0" encoding="UTF-8"?>
<!-- Generated by org.testng.reporters.JUnitXMLReporter -->
<testsuite hostname="2012-20150403HL" name="case28-话题-收藏/取消收藏/个人中心查看收藏" tests="4" failures="0" timestamp="18 Sep 2015 05:38:57 GMT" time="119.948" errors="0">
  <testcase name="allinLogin" time="75.685" classname="com.allinmd.android.CollectCheckTopicCase"/>
  <testcase name="collectTopic" time="3.573" classname="com.allinmd.android.CollectCheckTopicCase"/>
  <testcase name="checkCollectTopic" time="12.359" classname="com.allinmd.android.CollectCheckTopicCase"/>
  <testcase name="cancelCollectTopic" time="3.703" classname="com.allinmd.android.CollectCheckTopicCase"/>
</testsuite> <!-- case28-话题-收藏/取消收藏/个人中心查看收藏 -->
