<?xml version="1.0" encoding="UTF-8"?>
<!-- Generated by org.testng.reporters.JUnitXMLReporter -->
<testsuite hostname="2012-20150403HL" name="case19-搜索-输入医师名-结果验证" tests="5" failures="0" timestamp="18 Sep 2015 05:26:36 GMT" time="160.525" errors="0">
  <testcase name="searchF" time="19.538" classname="com.allinmd.android.SearchAutherCase"/>
  <testcase name="assertCase" time="4.074" classname="com.allinmd.android.SearchAutherCase"/>
  <testcase name="assertVideo" time="16.818" classname="com.allinmd.android.SearchAutherCase"/>
  <testcase name="assertTopic" time="1.132" classname="com.allinmd.android.SearchAutherCase"/>
  <testcase name="assertDoctor" time="17.308" classname="com.allinmd.android.SearchAutherCase"/>
</testsuite> <!-- case19-搜索-输入医师名-结果验证 -->
