<?xml version="1.0" encoding="UTF-8"?>
<!-- Generated by org.testng.reporters.JUnitXMLReporter -->
<testsuite hostname="2012-20150403HL" name="case08-未登录-话题终端页权限判断" tests="2" failures="0" timestamp="18 Sep 2015 03:20:12 GMT" time="120.761" errors="0">
  <testcase name="notLoginCaseAccess" time="17.282" classname="com.allinmd.android.NotLoginTopicAccessCase"/>
  <testcase name="loginAllmd" time="79.059" classname="com.allinmd.android.NotLoginTopicAccessCase"/>
</testsuite> <!-- case08-未登录-话题终端页权限判断 -->
