<?xml version="1.0" encoding="UTF-8"?>
<!-- Generated by org.testng.reporters.JUnitXMLReporter -->
<testsuite hostname="2012-20150403HL" name="case06-手机登录-退出登录" tests="3" failures="0" timestamp="18 Sep 2015 02:27:45 GMT" time="102.04" errors="0">
  <testcase name="assertRegButton" time="8.22" classname="com.allinmd.android.LoginPhoneCase"/>
  <testcase name="loginPhone" time="63.913" classname="com.allinmd.android.LoginPhoneCase"/>
  <testcase name="logoutEmail" time="5.608" classname="com.allinmd.android.LoginPhoneCase"/>
</testsuite> <!-- case06-手机登录-退出登录 -->
