<?xml version="1.0" encoding="UTF-8"?>
<!-- Generated by org.testng.reporters.JUnitXMLReporter -->
<testsuite hostname="2012-20150403HL" name="case29-评论-收藏/取消收藏/个人中心查看收藏" tests="4" failures="0" timestamp="18 Sep 2015 05:41:14 GMT" time="136.932" errors="0">
  <testcase name="allinLogin" time="74.969" classname="com.allinmd.android.CollectCheckCommentCase"/>
  <testcase name="collectComment" time="22.497" classname="com.allinmd.android.CollectCheckCommentCase"/>
  <testcase name="checkCollectComment" time="12.333" classname="com.allinmd.android.CollectCheckCommentCase"/>
  <testcase name="cancelCollectComment" time="2.974" classname="com.allinmd.android.CollectCheckCommentCase"/>
</testsuite> <!-- case29-评论-收藏/取消收藏/个人中心查看收藏 -->
