<?xml version="1.0" encoding="UTF-8"?>
<!-- Generated by org.testng.reporters.JUnitXMLReporter -->
<testsuite hostname="2012-20150403HL" name="case14-邮箱CAOS登录 -退出登录" tests="3" failures="0" timestamp="18 Sep 2015 03:57:00 GMT" time="110.049" errors="0">
  <testcase name="assertRegButton" time="8.516" classname="com.allinmd.android.CAOSLoginEmailCase"/>
  <testcase name="loginEmail" time="71.568" classname="com.allinmd.android.CAOSLoginEmailCase"/>
  <testcase name="logoutEmail" time="5.654" classname="com.allinmd.android.CAOSLoginEmailCase"/>
</testsuite> <!-- case14-邮箱CAOS登录 -退出登录 -->
