<?xml version="1.0" encoding="UTF-8"?>
<!-- Generated by org.testng.reporters.JUnitXMLReporter -->
<testsuite hostname="2012-20150403HL" name="case20-搜索-输入医学关键词-结果验证" tests="6" failures="0" timestamp="18 Sep 2015 05:30:10 GMT" time="213.716" errors="0">
  <testcase name="searchF" time="19.938" classname="com.allinmd.android.SearchKeywordCase"/>
  <testcase name="assertCase" time="20.572" classname="com.allinmd.android.SearchKeywordCase"/>
  <testcase name="assertVideo" time="17.5" classname="com.allinmd.android.SearchKeywordCase"/>
  <testcase name="assertTopic" time="18.333" classname="com.allinmd.android.SearchKeywordCase"/>
  <testcase name="assertDoctor" time="16.724" classname="com.allinmd.android.SearchKeywordCase"/>
  <testcase name="assertLabel" time="18.341" classname="com.allinmd.android.SearchKeywordCase"/>
</testsuite> <!-- case20-搜索-输入医学关键词-结果验证 -->
