<?xml version="1.0" encoding="UTF-8"?>
<!-- Generated by org.testng.reporters.JUnitXMLReporter -->
<testsuite hostname="2012-20150403HL" name="case17-话题列表-排序并筛选" tests="4" failures="0" timestamp="18 Sep 2015 05:21:33 GMT" time="135.787" errors="0">
  <testcase name="allinLogin" time="70.921" classname="com.allinmd.android.SortTopicListCase"/>
  <testcase name="topicByViewSort" time="7.45" classname="com.allinmd.android.SortTopicListCase"/>
  <testcase name="topicByReviewSort" time="6.219" classname="com.allinmd.android.SortTopicListCase"/>
  <testcase name="topicByTagSort" time="26.364" classname="com.allinmd.android.SortTopicListCase"/>
</testsuite> <!-- case17-话题列表-排序并筛选 -->
