<?xml version="1.0" encoding="UTF-8"?>
<testng-results skipped="0" failed="0" total="1" passed="1">
  <reporter-output>
  </reporter-output>
  <suite name="Default suite" duration-ms="460" started-at="2015-09-17T05:15:51Z" finished-at="2015-09-17T05:15:52Z">
    <groups>
    </groups>
    <test name="Default test" duration-ms="460" started-at="2015-09-17T05:15:51Z" finished-at="2015-09-17T05:15:52Z">
      <class name="com.allinmd.util.GetResetPasswd">
        <test-method status="PASS" signature="f()[pri:0, instance:com.allinmd.util.GetResetPasswd@5a254de0]" name="f" duration-ms="446" started-at="2015-09-17T13:15:51Z" finished-at="2015-09-17T13:15:52Z">
          <reporter-output>
          </reporter-output>
        </test-method> <!-- f -->
      </class> <!-- com.allinmd.util.GetResetPasswd -->
    </test> <!-- Default test -->
  </suite> <!-- Default suite -->
</testng-results>
