<?xml version="1.0" encoding="UTF-8"?>
<!-- Generated by org.testng.reporters.JUnitXMLReporter -->
<testsuite hostname="2012-20150403HL" name="case03-邮箱注册-医师认证" tests="3" failures="0" timestamp="17 Sep 2015 05:22:06 GMT" time="127.726" errors="0">
  <testcase name="assertRegButton" time="6.717" classname="com.allinmd.android.RegAuthEmailCase"/>
  <testcase name="regEmail" time="20.6" classname="com.allinmd.android.RegAuthEmailCase"/>
  <testcase name="regAuthEmail" time="76.191" classname="com.allinmd.android.RegAuthEmailCase"/>
</testsuite> <!-- case03-邮箱注册-医师认证 -->
