<?xml version="1.0" encoding="UTF-8"?>
<!-- Generated by org.testng.reporters.JUnitXMLReporter -->
<testsuite hostname="2012-20150403HL" name="case07-未登录-病例终端页权限判断" tests="2" failures="1" timestamp="17 Sep 2015 05:29:25 GMT" time="107.618" errors="0">
  <testcase name="notLoginCaseAccess" time="21.178" classname="com.allinmd.android.NotLoginCaseAccessCase"/>
  <testcase name="loginAllmd" time="60.969" classname="com.allinmd.android.NotLoginCaseAccessCase">
    <failure type="org.openqa.selenium.NoSuchElementException" message="An element could not be located on the page using the given search parameters. (WARNING: The server did not provide any stacktrace information)
Command duration or timeout: 15.56 seconds
For documentation on this error, please visit: http://seleniumhq.org/exceptions/no_such_element.html
Build info: version: &amp;apos;2.45.0&amp;apos;, revision: &amp;apos;32a636c&amp;apos;, time: &amp;apos;2015-03-05 22:01:35&amp;apos;
System info: host: &amp;apos;2012-20150403HL&amp;apos;, ip: &amp;apos;192.168.164.1&amp;apos;, os.name: &amp;apos;Windows 7&amp;apos;, os.arch: &amp;apos;amd64&amp;apos;, os.version: &amp;apos;6.1&amp;apos;, java.version: &amp;apos;1.7.0_25&amp;apos;
*** Element info: {Using=id, value=com.allin.social:id/tv_actionbar_name}
Session ID: fd079d0f-e4ae-42e7-aca8-270419ccacfe
Driver info: io.appium.java_client.android.AndroidDriver
Capabilities [{platform=LINUX, javascriptEnabled=true, appActivity=.loading.BootingActivity, browserName=Android, networkConnectionEnabled=true, udid=5026a32e, desired={platformVersion=4.4.2, deviceName=MI_4LTE, platformName=Android, appActivity=.loading.BootingActivity, unicodeKeyboard=true, resetKeyboard=true, udid=5026a32e, appPackage=com.allin.social}, locationContextEnabled=false, appPackage=com.allin.social, platformVersion=4.4.4, databaseEnabled=false, platformName=Android, deviceName=5026a32e, webStorageEnabled=false, unicodeKeyboard=true, resetKeyboard=true, warnings={}, takesScreenshot=true}]">
      <![CDATA[org.openqa.selenium.NoSuchElementException: An element could not be located on the page using the given search parameters. (WARNING: The server did not provide any stacktrace information)
Command duration or timeout: 15.56 seconds
For documentation on this error, please visit: http://seleniumhq.org/exceptions/no_such_element.html
Build info: version: '2.45.0', revision: '32a636c', time: '2015-03-05 22:01:35'
System info: host: '2012-20150403HL', ip: '192.168.164.1', os.name: 'Windows 7', os.arch: 'amd64', os.version: '6.1', java.version: '1.7.0_25'
*** Element info: {Using=id, value=com.allin.social:id/tv_actionbar_name}
Session ID: fd079d0f-e4ae-42e7-aca8-270419ccacfe
Driver info: io.appium.java_client.android.AndroidDriver
Capabilities [{platform=LINUX, javascriptEnabled=true, appActivity=.loading.BootingActivity, browserName=Android, networkConnectionEnabled=true, udid=5026a32e, desired={platformVersion=4.4.2, deviceName=MI_4LTE, platformName=Android, appActivity=.loading.BootingActivity, unicodeKeyboard=true, resetKeyboard=true, udid=5026a32e, appPackage=com.allin.social}, locationContextEnabled=false, appPackage=com.allin.social, platformVersion=4.4.4, databaseEnabled=false, platformName=Android, deviceName=5026a32e, webStorageEnabled=false, unicodeKeyboard=true, resetKeyboard=true, warnings={}, takesScreenshot=true}]
	at message : 未跳转到首页，是否登录失败，请检查！ expected [false] but found [true] in method : .loginAllmd(NotLoginCaseAccessCase:74)
	at com.allinmd.android.NotLoginCaseAccessCase.loginAllmd(NotLoginCaseAccessCase.java:74)
	at com.allinmd.android.NotLoginCaseAccessCase.loginAllmd(NotLoginCaseAccessCase.java:75)
]]>
    </failure>
  </testcase> <!-- loginAllmd -->
</testsuite> <!-- case07-未登录-病例终端页权限判断 -->
