<?xml version="1.0" encoding="UTF-8"?>
<!-- Generated by org.testng.reporters.JUnitXMLReporter -->
<testsuite hostname="2012-20150403HL" name="case04-手机注册-医师认证" tests="3" failures="0" timestamp="17 Sep 2015 05:24:30 GMT" time="143.356" errors="0">
  <testcase name="assertRegButton" time="7.486" classname="com.allinmd.android.RegAuthPhoneCase"/>
  <testcase name="regPhone" time="34.495" classname="com.allinmd.android.RegAuthPhoneCase"/>
  <testcase name="regAuthEmail" time="76.324" classname="com.allinmd.android.RegAuthPhoneCase"/>
</testsuite> <!-- case04-手机注册-医师认证 -->
